|SourceProjectName:Virtual Lab interface 3.hpr
|DestinationProjectName:Virtual_Lab_interface_3.htm
whhost.js
whmsg.js
whmozemu.js
whproxy.js
whstub.js
whutils.js
whver.js
whform.js
whphost.js
whstart.js
whtopic.js
whframes.js
whlang.js
whskin_info.htm
whskin_blank.htm
whskin_pickup.htm
whskin_homepage.htm
whskin_tw.htm
whnjs.htm
whthost.js
whtdhtml.htm
whihost.js
whibody.htm
whiform.htm
whfhost.js
whfbody.htm
whfform.htm
whghost.js
whgbody.htm
whgdhtml.htm
whgdef.htm
whproj.js
whproj.xml
whproj.htm
whxdata\whtoc.xml
whxdata\whidx.xml
whxdata\whglo.xml
whdata\whtoc.js
whdata\whtoc.htm
whdata\whtdata.js
whdata\whidx.js
whdata\whidx.htm
whdata\whidata.js
whdata\whglo.js
whdata\whglo.htm
whdata\whgdata.js
resource\resource.xml
whbrs.xml
whres.xml
cshdat_webhelp.htm
whcsh_home.htm
whcshdata.htm
cshdat_robohelp.htm
wht_tab0.gif
wht_tab1.gif
wht_tab2.gif
wht_tab3.gif
wht_tab4.gif
wht_tab5.gif
wht_tab6.gif
wht_tab7.gif
wht_tab8.gif
wht_glo_h.gif
wht_glo_n.gif
wht_fts_h.gif
wht_fts_n.gif
wht_idx_h.gif
wht_idx_n.gif
wht_toc_h.gif
wht_toc_n.gif
wht_ws.gif
wht_ws_g.gif
wht_logo1.gif
wht_logo2.gif
wht_abgw.jpg
wht_abgi.jpg
wht_abge.jpg
wht_abtw.jpg
wht_abte.jpg
wht_abti.jpg
wht_spac.gif
wht_next.gif
wht_next_g.gif
wht_prev.gif
wht_prev_g.gif
wht_sync.gif
wht_hide.gif
wht_go.gif
whstart.ico
whestart.ico
whrstart.ico
whidhtml.htm
whfdhtml.htm
whskin_banner.htm
whtbar.js
Default.skn
whskin_pdhtml.htm
whskin_plist.htm
whskin_tbars.htm
whskin_mbars.htm
wht_toc4.gif
wht_toc1.gif
wht_toc2.gif
wht_toc3.gif
whskin_frmset010.htm
whst_topics.xml
whskin_frmset01.htm
whskin_ep_ins.xml
whskin_ep_start.htm
Virtual_Lab_interface_3_hha.hhk
Virtual_Lab_interface_3.hhc
Virtual_Lab_interface_3.hhk
Add__Manage_Tabs.htm
Add_Simulator.htm
Applying_Template.htm
Authnetication.htm
Beat_the_Clock!.htm
Change_dafult_icon_of_tabs.htm
Configuration.htm
Developing_new_template.htm
Edit_Experiment_Details.htm
Equation_editor.htm
Experiment.htm
First_Topic.htm
Glossary.htm
Google_Custom_Search_Engine.htm
How_to_add_video_to_experiment_.htm
Installation_in_Linux_Server.htm
Installation_in_Windows_Server.htm
Installation_on_Mac.htm
Introduction.htm
Localisation.htm
Login.htm
Manage_Privileges.htm
Module_Management.htm
MyCompany_Player_interactive.htm
MyCompany_Portable_MP3_Player.htm
Preview_Template.htm
Remote_trigger_-_How_it_works__.htm
Reorder_Tabs.htm
Role_Manage.htm
Setting_up_database.htm
Single_Sign-on.htm
Sub_Topic.htm
Subject.htm
System_Requirements.htm
Topic.htm
RoboHHRE.lng
Virtual_Lab_interface_3.glo
default.css
delete_subj.gif
add-mnge_tabs.gif
add_subj.gif
edit_topic.gif
add_topic.gif
edit_expmt.gif
rearrange_tabs.gif
add_expmt.gif
preview_theme.gif
del_topic.gif
add_tab.gif
del_expmt.gif
Login.gif
add_simulator.gif
submit_edit_expmt.gif
edit_tab.gif
topic.gif
add_video.gif
del_tab.gif
edit_role.gif
eqn_edtr.gif
edit_expmt_details.gif
localisation.gif
Subject.gif
eqn.gif
remote_trigger.gif
equation_editor.gif
login3__new.gif
privileges.gif
lang.gif
expmt1.gif
account_login.gif
apply_theme.gif
sub_topic.JPG
chng_tab_typ.gif
edit_subj.gif
whxdata\package_0.xml
whxdata\packageindex.xml
whxdata\synonym.xml
whxdata\topictable_0.xml
whxdata\topictableindex.xml
whxdata\whfts.xml
whxdata\whtdata0.xml
whdata\whtdata0.htm
Virtual_Lab_interface_3.htm
Virtual_Lab_interface_3_csh.htm
Virtual_Lab_interface_3_rhc.htm
